2023-08-02T06:37:10.856Z - info: [main] Received possible protocol arguments: 2
2023-08-02T06:37:10.878Z - info: [main] Processing protocol url
2023-08-02T06:37:12.332Z - info: [ui] [AppStore] loading 0 repositories from store
2023-08-02T06:37:12.467Z - info: [ui] [Welcome] no sign in step found. ignoring...
2023-08-02T06:37:12.491Z - info: [ui] [Welcome] no sign in step found. ignoring...
2023-08-02T06:37:12.669Z - info: [ui] launching: 3.2.5-linux1 (Linux 5.19.0-50-generic)
2023-08-02T06:37:12.670Z - info: [ui] execPath: '/usr/lib/github-desktop/github-desktop'
2023-08-02T06:37:12.745Z - info: [ui] [Welcome] no sign in step found. ignoring...
2023-08-02T06:37:12.821Z - info: [ui] Opt in reported.
2023-08-02T06:37:21.460Z - info: [ui] [Welcome] advancing to step: SignInToDotComWithBrowser
2023-08-02T06:37:21.467Z - info: [ui] [SignInStore] initializing OAuth flow
2023-08-02T06:37:21.486Z - info: [main] opening in browser: https://github.com/login/oauth/authorize?client_id=3a723b10ac5575cc5bb9&scope=repo%20user%20workflow&state=7dec1387-dd2a-4b64-a3ac-1c495ce95e2e
2023-08-02T06:37:21.490Z - info: [ui] [Welcome] current sign in state not found. ignoring...
2023-08-02T06:37:33.362Z - info: [ui] [Welcome] kind Authentication is the same as Authentication. ignoring...
2023-08-02T06:39:19.775Z - info: [main] Received possible protocol arguments: 3
2023-08-02T06:39:19.776Z - info: [main] Processing protocol url
2023-08-02T06:39:19.785Z - info: [ui] [Dispatcher] requesting authenticated user
2023-08-02T06:39:19.808Z - info: [ui] [Welcome] kind Authentication is the same as Authentication. ignoring...
2023-08-02T06:39:19.833Z - info: [ui] [Welcome] kind Authentication is the same as Authentication. ignoring...
2023-08-02T06:39:20.215Z - info: [main] Received possible protocol arguments: 2
2023-08-02T06:39:20.231Z - info: [main] Processing protocol url
2023-08-02T06:39:21.319Z - info: [ui] [SignInStore] account resolved
2023-08-02T06:39:21.321Z - info: [ui] [AppStore] adding account Briankip016 (Briankip016) to store
2023-08-02T06:39:21.332Z - info: [ui] [Welcome] advancing to step: ConfigureGit
2023-08-02T06:39:21.767Z - info: [ui] [Welcome] no sign in step found. ignoring...
2023-08-02T06:39:22.190Z - info: [ui] [Welcome] no sign in step found. ignoring...
2023-08-02T06:39:22.754Z - info: [ui] Subscribed 'Briankip016' to Alive channel
2023-08-02T06:40:56.380Z - info: [ui] [AppStore] adding repository at /home/brian016 to store
